C51 COMPILER V9.54   BSP_INIT                                                              12/02/2024 21:16:35 PAGE 1   


C51 COMPILER V9.54, COMPILATION OF MODULE BSP_INIT
OBJECT MODULE PLACED IN .\Objects\bsp_Init.obj
COMPILER INVOKED BY: E:\004-Programming\02-Embedded\Keil5\C51\BIN\C51.EXE ..\Dev\bsp_Init.c OPTIMIZE(8,SPEED) BROWSE INC
                    -DIR(..\Dev;..\Sys;..\User) DEBUG OBJECTEXTEND PRINT(.\Listings\bsp_Init.lst) OBJECT(.\Objects\bsp_Init.obj)

line level    source

   1          #include "bsp_Init.h"
   2          
   3          void Cls_Peripheral(void)
   4          {
   5   1              P0 = 0xff;
   6   1              P2 = P2&0x1f|0x80;
   7   1              P2 &= 0x1f;
   8   1              
   9   1              P0 = 0x00;
  10   1              P2 = P2&0x1f|0xa0;
  11   1              P2 &= 0x1f;
  12   1      }
  13          
  14          
  15          
  16          
  17          
  18          
  19          
  20          
  21          
  22          
  23          
  24          
  25          
  26          
  27          
  28          
  29          
  30          
  31          
  32          
  33          
  34          
  35          
  36          
  37          
  38          
  39          


MODULE INFORMATION:   STATIC OVERLAYABLE
   CODE SIZE        =     29    ----
   CONSTANT SIZE    =   ----    ----
   XDATA SIZE       =   ----    ----
   PDATA SIZE       =   ----    ----
   DATA SIZE        =   ----    ----
   IDATA SIZE       =   ----    ----
   BIT SIZE         =   ----    ----
END OF MODULE INFORMATION.


C51 COMPILATION COMPLETE.  0 WARNING(S),  0 ERROR(S)
