C51 COMPILER V9.54   DHT11                                                                 12/30/2024 21:31:19 PAGE 1   


C51 COMPILER V9.54, COMPILATION OF MODULE DHT11
OBJECT MODULE PLACED IN .\Objects\dht11.obj
COMPILER INVOKED BY: E:\004-Programming\02-Embedded\Keil5\C51\BIN\C51.EXE ..\Dev\dht11.c OPTIMIZE(8,SPEED) BROWSE INCDIR
                    -(..\Dev;..\Sys;..\User) DEBUG OBJECTEXTEND PRINT(.\Listings\dht11.lst) OBJECT(.\Objects\dht11.obj)

line level    source

   1          #include "dht11.h"
   2          
   3          //
   4          typedef unsigned char  U8;       /* defined for unsigned 8-bits integer variable          无符号8位整型变量  */
   5          typedef signed   char  S8;       /* defined for signed 8-bits integer variable            有符号8位整型变量  */
   6          typedef unsigned int   U16;      /* defined for unsigned 16-bits integer variable         无符号16位整型变量 */
   7          typedef signed   int   S16;      /* defined for signed 16-bits integer variable           有符号16位整型变量 */
   8          typedef unsigned long  U32;      /* defined for unsigned 32-bits integer variable         无符号32位整型变量 */
   9          typedef signed   long  S32;      /* defined for signed 32-bits integer variable           有符号32位整型变量 */
  10          typedef float          F32;      /* single precision floating point variable (32bits) 单精度浮点数（32位长
             -度） */
  11          typedef double         F64;      /* double precision floating point variable (64bits) 双精度浮点数（64位长
             -度） */
  12          //
  13          #define uchar unsigned char
  14          #define uint unsigned int
  15          #define   Data_0_time    4
  16          
  17          //----------------------------------------------//
  18          //----------------IO口定义区--------------------//
  19          //----------------------------------------------//
  20          sbit  P2_0  = P2^0 ;
  21          
  22          U8  U8FLAG, U8temp;
  23          U8  U8comdata;
  24          extern uint8_t  U8T_data_H,U8T_data_L,U8RH_data_H,U8RH_data_L,U8checkdata;
  25          U8  U8T_data_H_temp,U8T_data_L_temp,U8RH_data_H_temp,U8RH_data_L_temp,U8checkdata_temp;
  26          
  27          
  28          
  29          
  30          void Delay(U16 j)
  31          {      
  32   1          U8 i;
  33   1          for(;j>0;j--)
  34   1          {   
  35   2              for(i=0;i<27;i++);
  36   2      
  37   2          }
  38   1      }
  39          
  40          void  Delay_10us(void)
  41          {
  42   1          U8 i;
  43   1          i--;
  44   1          i--;
  45   1          i--;
  46   1          i--;
  47   1          i--;
  48   1          i--;
  49   1      }
  50                  
  51          void  COM(void)
  52          {
C51 COMPILER V9.54   DHT11                                                                 12/30/2024 21:31:19 PAGE 2   

  53   1          U8 i;
  54   1        
  55   1          for(i=0;i<8;i++)       
  56   1          {
  57   2              U8FLAG=2;       
  58   2              while((!P2_0)&&U8FLAG++);
  59   2              Delay_10us();
  60   2              Delay_10us();
  61   2              Delay_10us();
  62   2              U8temp=0;
  63   2              if(P2_0)U8temp=1;
  64   2              U8FLAG=2;
  65   2              while((P2_0)&&U8FLAG++);
  66   2              //超时则跳出for循环               
  67   2              if(U8FLAG==1)break;
  68   2              //判断数据位是0还是1     
  69   2      
  70   2              // 如果高电平高过预定0高电平值则数据位为 1 
  71   2      
  72   2              U8comdata<<=1;
  73   2              U8comdata|=U8temp;        //0
  74   2          }//rof
  75   1      }
  76          
  77          //--------------------------------
  78          //-----湿度读取子程序 ------------
  79          //--------------------------------
  80          //----以下变量均为全局变量--------
  81          //----温度高8位== U8T_data_H------
  82          //----温度低8位== U8T_data_L------
  83          //----湿度高8位== U8RH_data_H-----
  84          //----湿度低8位== U8RH_data_L-----
  85          //----校验 8位 == U8checkdata-----
  86          //----调用相关子程序如下----------
  87          //---- Delay();, Delay_10us();,COM(); 
  88          //--------------------------------
  89          
  90          void RH(void)
  91          {
  92   1          EA = 0;
  93   1        //主机拉低18ms 
  94   1         P2_0=0;
  95   1         Delay(180);
  96   1         P2_0=1;
  97   1       //总线由上拉电阻拉高 主机延时20us
  98   1         Delay_10us();
  99   1         Delay_10us();
 100   1         Delay_10us();
 101   1         Delay_10us();
 102   1       //主机设为输入 判断从机响应信号 
 103   1         P2_0=1;
 104   1       //判断从机是否有低电平响应信号 如不响应则跳出，响应则向下运行    
 105   1         if(!P2_0)             //T !    
 106   1         {
 107   2             U8FLAG=2;
 108   2           //判断从机是否发出 80us 的低电平响应信号是否结束    
 109   2             while((!P2_0)&&U8FLAG++);
 110   2             U8FLAG=2;
 111   2           //判断从机是否发出 80us 的高电平，如发出则进入数据接收状态
 112   2             while((P2_0)&&U8FLAG++);
 113   2           //数据接收状态              
 114   2             COM();
C51 COMPILER V9.54   DHT11                                                                 12/30/2024 21:31:19 PAGE 3   

 115   2             U8RH_data_H_temp=U8comdata;
 116   2             COM();
 117   2             U8RH_data_L_temp=U8comdata;
 118   2             COM();
 119   2             U8T_data_H_temp=U8comdata;
 120   2             COM();
 121   2             U8T_data_L_temp=U8comdata;
 122   2             COM();
 123   2             U8checkdata_temp=U8comdata;
 124   2             P2_0=1;
 125   2           //数据校验 
 126   2           
 127   2             U8temp=(U8T_data_H_temp+U8T_data_L_temp+U8RH_data_H_temp+U8RH_data_L_temp);
 128   2             if(U8temp==U8checkdata_temp)
 129   2             {
 130   3                U8RH_data_H=U8RH_data_H_temp;
 131   3                U8RH_data_L=U8RH_data_L_temp;
 132   3                U8T_data_H=U8T_data_H_temp;
 133   3                U8T_data_L=U8T_data_L_temp;
 134   3                U8checkdata=U8checkdata_temp;
 135   3             }//fi
 136   2         }//fi
 137   1          EA = 1;
 138   1      }
 139          
 140          
 141          
 142          


MODULE INFORMATION:   STATIC OVERLAYABLE
   CODE SIZE        =    222    ----
   CONSTANT SIZE    =   ----    ----
   XDATA SIZE       =   ----    ----
   PDATA SIZE       =   ----    ----
   DATA SIZE        =      8       1
   IDATA SIZE       =   ----    ----
   BIT SIZE         =   ----    ----
END OF MODULE INFORMATION.


C51 COMPILATION COMPLETE.  0 WARNING(S),  0 ERROR(S)
