C51 COMPILER V9.54   DS18B20                                                               12/04/2024 18:33:42 PAGE 1   


C51 COMPILER V9.54, COMPILATION OF MODULE DS18B20
OBJECT MODULE PLACED IN .\Objects\ds18b20.obj
COMPILER INVOKED BY: E:\004-Programming\02-Embedded\Keil5\C51\BIN\C51.EXE ..\Dev\ds18b20.c OPTIMIZE(8,SPEED) BROWSE INCD
                    -IR(..\Dev;..\Sys;..\User) DEBUG OBJECTEXTEND PRINT(.\Listings\ds18b20.lst) OBJECT(.\Objects\ds18b20.obj)

line level    source

   1          #include "ds18b20.h"
   2          
   3          //sbit DQ = P1^4;
   4          
   5          ////延时
   6          //void Delay_OneWire(unsigned int t)  
   7          //{
   8          //      unsigned char i;
   9          //      while(t--){
  10          //              for(i=0;i<12;i++);
  11          //      }
  12          //}
  13          
  14          ////写一个字节
  15          //void Write_DS18B20(unsigned char dat)
  16          //{
  17          //      unsigned char i;
  18          //      for(i=0;i<8;i++)
  19          //      {
  20          //              DQ = 0;
  21          //              DQ = dat&0x01;
  22          //              Delay_OneWire(5);
  23          //              DQ = 1;
  24          //              dat >>= 1;
  25          //      }
  26          //      Delay_OneWire(5);
  27          //}
  28          
  29          ////读一个字节
  30          //unsigned char Read_DS18B20(void)
  31          //{
  32          //      unsigned char i;
  33          //      unsigned char dat;
  34          //  
  35          //      for(i=0;i<8;i++)
  36          //      {
  37          //              DQ = 0;
  38          //              dat >>= 1;
  39          //              DQ = 1;
  40          //              if(DQ)
  41          //              {
  42          //                      dat |= 0x80;
  43          //              }           
  44          //              Delay_OneWire(5);
  45          //      }
  46          //      return dat;
  47          //}
  48          
  49          ////起始信号
  50          //bit init_ds18b20(void)
  51          //{
  52          //      bit initflag = 0;
  53          //      
  54          //      DQ = 1;
C51 COMPILER V9.54   DS18B20                                                               12/04/2024 18:33:42 PAGE 2   

  55          //      Delay_OneWire(12);
  56          //      DQ = 0;
  57          //      Delay_OneWire(80);
  58          //      DQ = 1;
  59          //      Delay_OneWire(10); 
  60          //    initflag = DQ;     
  61          //      Delay_OneWire(5);
  62          //  
  63          //      return initflag;
  64          //}
  65          
  66          //uint16_t Read_Temperature(void)
  67          //{
  68          //      uint8_t high, low;
  69          //      
  70          //      init_ds18b20();
  71          //      Write_DS18B20(0xcc);//选器件
  72          //      Write_DS18B20(0x44);//转换温度
  73          //      
  74          //      init_ds18b20();
  75          //      Write_DS18B20(0xcc);//选器件
  76          //      Write_DS18B20(0xbe);//读取温度
  77          //      
  78          //      low = Read_DS18B20();
  79          //      high = Read_DS18B20();
  80          //      
  81          //      return (high<<8)|low;
  82          //}
  83          
  84          
  85          
  86          
  87          
  88          
  89          
  90          
  91          
  92          
  93          
  94          
  95          
  96          
  97          
  98          
  99          
 100          
 101          


MODULE INFORMATION:   STATIC OVERLAYABLE
   CODE SIZE        =   ----    ----
   CONSTANT SIZE    =   ----    ----
   XDATA SIZE       =   ----    ----
   PDATA SIZE       =   ----    ----
   DATA SIZE        =   ----    ----
   IDATA SIZE       =   ----    ----
   BIT SIZE         =   ----    ----
END OF MODULE INFORMATION.


C51 COMPILATION COMPLETE.  0 WARNING(S),  0 ERROR(S)
