C51 COMPILER V9.54   I2C                                                                   12/04/2024 18:19:41 PAGE 1   


C51 COMPILER V9.54, COMPILATION OF MODULE I2C
OBJECT MODULE PLACED IN .\Objects\i2c.obj
COMPILER INVOKED BY: E:\004-Programming\02-Embedded\Keil5\C51\BIN\C51.EXE ..\Dev\i2c.c OPTIMIZE(8,SPEED) BROWSE INCDIR(.
                    -.\Dev;..\Sys;..\User) DEBUG OBJECTEXTEND PRINT(.\Listings\i2c.lst) OBJECT(.\Objects\i2c.obj)

line level    source

   1          #include "i2c.h"
   2          
   3          sbit scl = P2^0;
   4          sbit sda = P2^1;
   5          
   6          //I2C延时
   7          static void I2C_Delay(unsigned char n)
   8          {
   9   1          do
  10   1          {
  11   2              _nop_();_nop_();_nop_();_nop_();_nop_();
  12   2              _nop_();_nop_();_nop_();_nop_();_nop_();
  13   2              _nop_();_nop_();_nop_();_nop_();_nop_();                
  14   2          }
  15   1          while(n--);         
  16   1      }
  17          
  18          //起始信号
  19          void I2CStart(void)
  20          {
  21   1          sda = 1;
  22   1          scl = 1;
  23   1              I2C_Delay(DELAY_TIME);
  24   1          sda = 0;
  25   1              I2C_Delay(DELAY_TIME);
  26   1          scl = 0;    
  27   1      }
  28          
  29          //结束信号
  30          void I2CStop(void)
  31          {
  32   1          sda = 0;
  33   1          scl = 1;
  34   1              I2C_Delay(DELAY_TIME);
  35   1          sda = 1;
  36   1              I2C_Delay(DELAY_TIME);
  37   1      }
  38          
  39          //发送一字节数据
  40          void I2CSendByte(unsigned char byt)
  41          {
  42   1          unsigned char i;
  43   1              
  44   1          for(i=0; i<8; i++){
  45   2              scl = 0;
  46   2                      I2C_Delay(DELAY_TIME);
  47   2              if(byt & 0x80){
  48   3                  sda = 1;
  49   3              }
  50   2              else{
  51   3                  sda = 0;
  52   3              }
  53   2                      I2C_Delay(DELAY_TIME);
  54   2              scl = 1;
C51 COMPILER V9.54   I2C                                                                   12/04/2024 18:19:41 PAGE 2   

  55   2              byt <<= 1;
  56   2                      I2C_Delay(DELAY_TIME);
  57   2          }
  58   1              
  59   1          scl = 0;  
  60   1      }
  61          
  62          //读取一字节数据
  63          unsigned char I2CReceiveByte(void)
  64          {
  65   1              unsigned char da;
  66   1              unsigned char i;
  67   1              for(i=0;i<8;i++){   
  68   2                      scl = 1;
  69   2                      I2C_Delay(DELAY_TIME);
  70   2                      da <<= 1;
  71   2                      if(sda) 
  72   2                              da |= 0x01;
  73   2                      scl = 0;
  74   2                      I2C_Delay(DELAY_TIME);
  75   2              }
  76   1              return da;    
  77   1      }
  78          
  79          //主机等待从机应答
  80          unsigned char I2CWaitAck(void)
  81          {
  82   1              unsigned char ackbit;
  83   1              
  84   1          scl = 1;
  85   1              I2C_Delay(DELAY_TIME);
  86   1          ackbit = sda; 
  87   1          scl = 0;
  88   1              I2C_Delay(DELAY_TIME);
  89   1              
  90   1              return ackbit;
  91   1      }
  92          
  93          //主机发送应答/非应答
  94          void I2CSendAck(unsigned char ackbit)
  95          {
  96   1          scl = 0;
  97   1          sda = ackbit; 
  98   1              I2C_Delay(DELAY_TIME);
  99   1          scl = 1;
 100   1              I2C_Delay(DELAY_TIME);
 101   1          scl = 0; 
 102   1              sda = 1;
 103   1              I2C_Delay(DELAY_TIME);
 104   1      }
 105          
 106          /*----------------------------------PCF8591-------------------------------------*/
 107          
 108          uint8_t PCF8591_Adc(uint8_t channel_control)
 109          {
 110   1              uint8_t temp;
 111   1              
 112   1              I2CStart();
 113   1              I2CSendByte(0x90);//发送器件地址，准备写
 114   1              I2CWaitAck();
 115   1              
 116   1              I2CSendByte(channel_control);//发送命令，确定是哪个通道
C51 COMPILER V9.54   I2C                                                                   12/04/2024 18:19:41 PAGE 3   

 117   1              I2CWaitAck();
 118   1              
 119   1              I2CStart();
 120   1              I2CSendByte(0x91);//发送器件地址，准备读
 121   1              I2CWaitAck();
 122   1              
 123   1              temp = I2CReceiveByte();
 124   1              I2CSendAck(1);//主机发送非应答
 125   1              I2CStop();
 126   1              
 127   1              return temp;
 128   1      }
 129          
 130          void PCF8591_Dac(uint8_t tans_data)
 131          {
 132   1              I2CStart();
 133   1              I2CSendByte(0x90);//发送器件地址，准备写
 134   1              I2CWaitAck();
 135   1              
 136   1              I2CSendByte(0x41);//发送命令，使能
 137   1              I2CWaitAck();
 138   1              
 139   1              I2CSendByte(tans_data);
 140   1              I2CWaitAck();
 141   1              I2CStop();
 142   1      }
 143          
 144          /*----------------------------------EEPROM-------------------------------------*/
 145          
 146          void EEPROM_Write(uint8_t *EEPROM_String, uint8_t addr, uint8_t num)
 147          {
 148   1              I2CStart();
 149   1              I2CSendByte(0xA0);//发送器件地址，准备写
 150   1              I2CWaitAck();
 151   1              
 152   1              I2CSendByte(addr);//要写入的起始地址
 153   1              I2CWaitAck();
 154   1              
 155   1              while(num--)
 156   1              {
 157   2                      I2CSendByte(*EEPROM_String++);
 158   2                      I2CWaitAck();
 159   2                      I2C_Delay(200);
 160   2              }
 161   1              I2CStop();
 162   1      }       
 163          
 164          void EEPROM_Read(uint8_t *EEPROM_Buff, uint8_t addr, uint8_t num)
 165          {
 166   1              I2CStart();
 167   1              I2CSendByte(0xA0);//发送器件地址，准备写
 168   1              I2CWaitAck();
 169   1              
 170   1              I2CSendByte(addr);//要读取的起始地址
 171   1              I2CWaitAck();
 172   1              
 173   1              I2CStart();
 174   1              I2CSendByte(0xA1);//发送器件地址，准备读
 175   1              I2CWaitAck();
 176   1              
 177   1              while(num--)
 178   1              {
C51 COMPILER V9.54   I2C                                                                   12/04/2024 18:19:41 PAGE 4   

 179   2                      *EEPROM_Buff++ = I2CReceiveByte();
 180   2                      if(num) I2CSendAck(0);
 181   2                      else I2CSendAck(1);
 182   2              }
 183   1              I2CStop();
 184   1      }
 185          
 186          
 187          
 188          
 189          
 190          
 191          
 192          
 193          
 194          
 195          
 196          
 197          
 198          
 199          
 200          
 201          
 202          
 203          
 204          
 205          
 206          
 207          
 208          
 209          
 210          
 211          


MODULE INFORMATION:   STATIC OVERLAYABLE
   CODE SIZE        =    360    ----
   CONSTANT SIZE    =   ----    ----
   XDATA SIZE       =   ----    ----
   PDATA SIZE       =   ----    ----
   DATA SIZE        =   ----      10
   IDATA SIZE       =   ----    ----
   BIT SIZE         =   ----    ----
END OF MODULE INFORMATION.


C51 COMPILATION COMPLETE.  0 WARNING(S),  0 ERROR(S)
