C51 COMPILER V9.54   LED                                                                   12/31/2024 21:11:35 PAGE 1   


C51 COMPILER V9.54, COMPILATION OF MODULE LED
OBJECT MODULE PLACED IN .\Objects\led.obj
COMPILER INVOKED BY: E:\004-Programming\02-Embedded\Keil5\C51\BIN\C51.EXE ..\Dev\led.c COMPACT OPTIMIZE(8,SPEED) BROWSE 
                    -MODP2 INCDIR(..\Dev;..\Sys;..\User;..\Dev\menu;..\Dev\mg200) DEBUG OBJECTEXTEND PRINT(.\Listings\led.lst) OBJECT(.\Objec
                    -ts\led.obj)

line level    source

   1          #include "led.h"
   2          
   3          void Led_Control(uint8_t ucled)
   4          {
   5   1              P0 = ucled;
   6   1      }
   7          
   8          
   9          
  10          
  11          
  12          
  13          
  14          
  15          
  16          
  17          
  18          
  19          
  20          
  21          
  22          
  23          
  24          
  25          
  26          
  27          
  28          
  29          
  30          
  31          
  32          
  33          


MODULE INFORMATION:   STATIC OVERLAYABLE
   CODE SIZE        =      3    ----
   CONSTANT SIZE    =   ----    ----
   XDATA SIZE       =   ----    ----
   PDATA SIZE       =   ----    ----
   DATA SIZE        =   ----    ----
   IDATA SIZE       =   ----    ----
   BIT SIZE         =   ----    ----
END OF MODULE INFORMATION.


C51 COMPILATION COMPLETE.  0 WARNING(S),  0 ERROR(S)
