C51 COMPILER V9.54   TIMER1                                                                12/31/2024 12:14:10 PAGE 1   


C51 COMPILER V9.54, COMPILATION OF MODULE TIMER1
OBJECT MODULE PLACED IN .\Objects\timer1.obj
COMPILER INVOKED BY: E:\004-Programming\02-Embedded\Keil5\C51\BIN\C51.EXE ..\Sys\timer1.c OPTIMIZE(8,SPEED) BROWSE INCDI
                    -R(..\Dev;..\Sys;..\User) DEBUG OBJECTEXTEND PRINT(.\Listings\timer1.lst) OBJECT(.\Objects\timer1.obj)

line level    source

   1          #include "timer1.h"
   2          
   3          void Timer1Init(void)           //1毫秒@12.000MHz
   4          {
   5   1              //AUXR &= 0xBF;         //定时器时钟12T模式
   6   1              TMOD &= 0x0F;           //设置定时器模式
   7   1          TMOD |= 0x10;
   8   1              TL1 = 0x66;             //设置定时初值
   9   1              TH1 = 0xFC;             //设置定时初值
  10   1              TF1 = 0;                //清除TF1标志
  11   1              TR1 = 1;                //定时器1开始计时
  12   1              ET1 = 1;
  13   1      }
  14          
  15          
  16          
  17          
  18          
  19          
  20          
  21          
  22          
  23          
  24          
  25          
  26          
  27          
  28          
  29          
  30          
  31          
  32          
  33          
  34          
  35          
  36          
  37          
  38          
  39          


MODULE INFORMATION:   STATIC OVERLAYABLE
   CODE SIZE        =     19    ----
   CONSTANT SIZE    =   ----    ----
   XDATA SIZE       =   ----    ----
   PDATA SIZE       =   ----    ----
   DATA SIZE        =   ----    ----
   IDATA SIZE       =   ----    ----
   BIT SIZE         =   ----    ----
END OF MODULE INFORMATION.


C51 COMPILATION COMPLETE.  0 WARNING(S),  0 ERROR(S)
