C51 COMPILER V9.54   UART                                                                  01/01/2025 01:48:28 PAGE 1   


C51 COMPILER V9.54, COMPILATION OF MODULE UART
OBJECT MODULE PLACED IN .\Objects\uart.obj
COMPILER INVOKED BY: E:\004-Programming\02-Embedded\Keil5\C51\BIN\C51.EXE ..\Dev\uart.c COMPACT OPTIMIZE(8,SPEED) BROWSE
                    - MODP2 INCDIR(..\Dev;..\Sys;..\User;..\Dev\menu;..\Dev\mg200) DEBUG OBJECTEXTEND PRINT(.\Listings\uart.lst) OBJECT(.\Obj
                    -ects\uart.obj)

line level    source

   1          #include "uart.h"
   2          
   3          void Uart1_Init(void)   //9600bps@11.0592MHz
   4          {
   5   1              PCON &= 0x7F;           //波特率不倍速
   6   1              SCON = 0x50;            //8位数据,可变波特率
   7   1      //      AUXR &= 0xBF;           //定时器时钟12T模式
   8   1      //      AUXR &= 0xFE;           //串口1选择定时器1为波特率发生器
   9   1              TMOD &= 0x0F;           //设置定时器模式
  10   1              TMOD |= 0x20;           //设置定时器模式
  11   1              TL1 = 0xFD;                     //设置定时初始值
  12   1              TH1 = 0xFD;                     //设置定时重载值
  13   1              ET1 = 0;                        //禁止定时器中断
  14   1              TR1 = 1;                        //定时器1开始计时
  15   1              ES = 1;                         //使能串口1中断
  16   1      }
  17          
  18          void UART_SendByte(uint8_t Byte)
  19          {
  20   1          SBUF = Byte;
  21   1          while(TI == 0);
  22   1          TI = 0;
  23   1      }
  24          
  25          //void UART_SendString(uint8_t *str)
  26          //{
  27          //    while(*str != '\0')
  28          //    {
  29          //        UART_SendByte(*(str++));
  30          //    }   
  31          //}
  32          
  33          
  34          
  35          
  36          


MODULE INFORMATION:   STATIC OVERLAYABLE
   CODE SIZE        =     33    ----
   CONSTANT SIZE    =   ----    ----
   XDATA SIZE       =   ----    ----
   PDATA SIZE       =   ----    ----
   DATA SIZE        =   ----    ----
   IDATA SIZE       =   ----    ----
   BIT SIZE         =   ----    ----
END OF MODULE INFORMATION.


C51 COMPILATION COMPLETE.  0 WARNING(S),  0 ERROR(S)
